[debug] [2026-02-05T01:29:22.269Z] ----------------------------------------------------------------------
[debug] [2026-02-05T01:29:22.271Z] Command:       /usr/local/bin/node /usr/local/bin/firebase init
[debug] [2026-02-05T01:29:22.271Z] CLI Version:   15.5.1
[debug] [2026-02-05T01:29:22.271Z] Platform:      linux
[debug] [2026-02-05T01:29:22.272Z] Node Version:  v22.12.0
[debug] [2026-02-05T01:29:22.272Z] Time:          Wed Feb 04 2026 20:29:22 GMT-0500 (Eastern Standard Time)
[debug] [2026-02-05T01:29:22.272Z] ----------------------------------------------------------------------
[debug] 
[info] 
     ######## #### ########  ######## ########     ###     ######  ########
     ##        ##  ##     ## ##       ##     ##  ##   ##  ##       ##
     ######    ##  ########  ######   ########  #########  ######  ######
     ##        ##  ##    ##  ##       ##     ## ##     ##       ## ##
     ##       #### ##     ## ######## ########  ##     ##  ######  ########

You're about to initialize a Firebase project in this directory:

  /home/maks/Projects/voigt-kampff

[info] 
=== Project Setup
[info] 
[info] First, let's associate this project directory with a Firebase project.
[info] You can create multiple project aliases by running firebase use --add, 
[info] 
[debug] [2026-02-05T01:30:46.970Z] > command requires scopes: ["email","openid","https://www.googleapis.com/auth/cloudplatformprojects.readonly","https://www.googleapis.com/auth/firebase","https://www.googleapis.com/auth/cloud-platform"]
[debug] [2026-02-05T01:30:46.971Z] > authorizing via signed-in user (maxcharuk@gmail.com)
[debug] [2026-02-05T01:30:46.972Z] Checked if tokens are valid: true, expires at: 1770258551938
[debug] [2026-02-05T01:30:46.972Z] Checked if tokens are valid: true, expires at: 1770258551938
[debug] [2026-02-05T01:30:46.973Z] >>> [apiv2][query] GET https://firebase.googleapis.com/v1beta1/projects pageSize=100
[debug] [2026-02-05T01:30:47.417Z] <<< [apiv2][status] GET https://firebase.googleapis.com/v1beta1/projects 200
[debug] [2026-02-05T01:30:47.417Z] <<< [apiv2][body] GET https://firebase.googleapis.com/v1beta1/projects [omitted]
[info] 
=== Firestore Setup
[info] i  firestore: ensuring required API firestore.googleapis.com is enabled... 
[debug] [2026-02-05T01:30:54.508Z] Checked if tokens are valid: true, expires at: 1770258551938
[debug] [2026-02-05T01:30:54.508Z] Checked if tokens are valid: true, expires at: 1770258551938
[debug] [2026-02-05T01:30:54.509Z] >>> [apiv2][query] GET https://serviceusage.googleapis.com/v1/projects/voigt-kampff-bbcbe/services/firestore.googleapis.com [none]
[debug] [2026-02-05T01:30:54.509Z] >>> [apiv2][(partial)header] GET https://serviceusage.googleapis.com/v1/projects/voigt-kampff-bbcbe/services/firestore.googleapis.com  x-goog-user-project=voigt-kampff-bbcbe
[debug] [2026-02-05T01:30:55.139Z] <<< [apiv2][status] GET https://serviceusage.googleapis.com/v1/projects/voigt-kampff-bbcbe/services/firestore.googleapis.com 200
[debug] [2026-02-05T01:30:55.139Z] <<< [apiv2][body] GET https://serviceusage.googleapis.com/v1/projects/voigt-kampff-bbcbe/services/firestore.googleapis.com [omitted]
[info] ✔  firestore: required API firestore.googleapis.com is enabled 
[debug] [2026-02-05T01:30:55.144Z] Checked if tokens are valid: true, expires at: 1770258551938
[debug] [2026-02-05T01:30:55.144Z] Checked if tokens are valid: true, expires at: 1770258551938
[debug] [2026-02-05T01:30:55.144Z] >>> [apiv2][query] GET https://firestore.googleapis.com/v1/projects/voigt-kampff-bbcbe/databases [none]
[debug] [2026-02-05T01:30:55.633Z] <<< [apiv2][status] GET https://firestore.googleapis.com/v1/projects/voigt-kampff-bbcbe/databases 200
[debug] [2026-02-05T01:30:55.633Z] <<< [apiv2][body] GET https://firestore.googleapis.com/v1/projects/voigt-kampff-bbcbe/databases {"databases":[{"name":"projects/voigt-kampff-bbcbe/databases/(default)","uid":"9b9e5bc4-3ed8-47bd-a13a-0f3c3fd609ea","createTime":"2026-02-05T01:19:17.714817Z","updateTime":"2026-02-05T01:19:17.714817Z","locationId":"nam5","type":"FIRESTORE_NATIVE","concurrencyMode":"PESSIMISTIC","versionRetentionPeriod":"3600s","earliestVersionTime":"2026-02-05T01:19:17.714817Z","appEngineIntegrationMode":"DISABLED","keyPrefix":"s","pointInTimeRecoveryEnablement":"POINT_IN_TIME_RECOVERY_DISABLED","deleteProtectionState":"DELETE_PROTECTION_DISABLED","databaseEdition":"STANDARD","freeTier":true,"realtimeUpdatesMode":"REALTIME_UPDATES_MODE_ENABLED","etag":"IMn09P2ZwZIDMMPl3PKYwZID"}]}
[info] 
[info] Firestore Security Rules allow you to define how and when to allow
[info] requests. You can keep these rules in your project directory
[info] and publish them with firebase deploy.
[info] 
[debug] [2026-02-05T01:30:59.885Z] Checked if tokens are valid: true, expires at: 1770258551938
[debug] [2026-02-05T01:30:59.885Z] Checked if tokens are valid: true, expires at: 1770258551938
[debug] [2026-02-05T01:30:59.885Z] >>> [apiv2][query] GET https://firebaserules.googleapis.com/v1/projects/voigt-kampff-bbcbe/releases pageSize=10&pageToken=
[debug] [2026-02-05T01:31:00.427Z] <<< [apiv2][status] GET https://firebaserules.googleapis.com/v1/projects/voigt-kampff-bbcbe/releases 200
[debug] [2026-02-05T01:31:00.427Z] <<< [apiv2][body] GET https://firebaserules.googleapis.com/v1/projects/voigt-kampff-bbcbe/releases {"releases":[{"name":"projects/voigt-kampff-bbcbe/releases/cloud.firestore","rulesetName":"projects/voigt-kampff-bbcbe/rulesets/ace50e59-4663-456a-b07d-8e72faaa704e","createTime":"2026-02-05T01:19:19.318958Z","updateTime":"2026-02-05T01:19:19.318958Z"}]}
[debug] [2026-02-05T01:31:00.427Z] Checked if tokens are valid: true, expires at: 1770258551938
[debug] [2026-02-05T01:31:00.427Z] Checked if tokens are valid: true, expires at: 1770258551938
[debug] [2026-02-05T01:31:00.427Z] >>> [apiv2][query] GET https://firebaserules.googleapis.com/v1/projects/voigt-kampff-bbcbe/rulesets/ace50e59-4663-456a-b07d-8e72faaa704e [none]
[debug] [2026-02-05T01:31:00.594Z] <<< [apiv2][status] GET https://firebaserules.googleapis.com/v1/projects/voigt-kampff-bbcbe/rulesets/ace50e59-4663-456a-b07d-8e72faaa704e 200
[debug] [2026-02-05T01:31:00.594Z] <<< [apiv2][body] GET https://firebaserules.googleapis.com/v1/projects/voigt-kampff-bbcbe/rulesets/ace50e59-4663-456a-b07d-8e72faaa704e [omitted]
[info] i  Downloaded the existing Firestore Security Rules from the Firebase console 
[info] 
[info] Firestore indexes allow you to perform complex queries while
[info] maintaining performance that scales with the size of the result
[info] set. You can keep index definitions in your project directory
[info] and publish them with firebase deploy.
[info] 
[debug] [2026-02-05T01:31:05.329Z] Checked if tokens are valid: true, expires at: 1770258551938
[debug] [2026-02-05T01:31:05.330Z] Checked if tokens are valid: true, expires at: 1770258551938
[debug] [2026-02-05T01:31:05.330Z] Checked if tokens are valid: true, expires at: 1770258551938
[debug] [2026-02-05T01:31:05.330Z] Checked if tokens are valid: true, expires at: 1770258551938
[debug] [2026-02-05T01:31:05.330Z] >>> [apiv2][query] GET https://firestore.googleapis.com/v1/projects/voigt-kampff-bbcbe/databases/(default)/collectionGroups/-/indexes [none]
[debug] [2026-02-05T01:31:05.333Z] >>> [apiv2][query] GET https://firestore.googleapis.com/v1/projects/voigt-kampff-bbcbe/databases/(default)/collectionGroups/-/fields?filter=indexConfig.usesAncestorConfig=false OR ttlConfig:* [none]
[debug] [2026-02-05T01:31:05.618Z] <<< [apiv2][status] GET https://firestore.googleapis.com/v1/projects/voigt-kampff-bbcbe/databases/(default)/collectionGroups/-/indexes 200
[debug] [2026-02-05T01:31:05.618Z] <<< [apiv2][body] GET https://firestore.googleapis.com/v1/projects/voigt-kampff-bbcbe/databases/(default)/collectionGroups/-/indexes {}
[debug] [2026-02-05T01:31:05.640Z] <<< [apiv2][status] GET https://firestore.googleapis.com/v1/projects/voigt-kampff-bbcbe/databases/(default)/collectionGroups/-/fields?filter=indexConfig.usesAncestorConfig=false OR ttlConfig:* 200
[debug] [2026-02-05T01:31:05.640Z] <<< [apiv2][body] GET https://firestore.googleapis.com/v1/projects/voigt-kampff-bbcbe/databases/(default)/collectionGroups/-/fields?filter=indexConfig.usesAncestorConfig=false OR ttlConfig:* {"fields":[{"name":"projects/voigt-kampff-bbcbe/databases/(default)/collectionGroups/__default__/fields/*","indexConfig":{"indexes":[{"queryScope":"COLLECTION","fields":[{"fieldPath":"*","order":"ASCENDING"}],"state":"READY"},{"queryScope":"COLLECTION","fields":[{"fieldPath":"*","order":"DESCENDING"}],"state":"READY"},{"queryScope":"COLLECTION","fields":[{"fieldPath":"*","arrayConfig":"CONTAINS"}],"state":"READY"}]}}]}
[info] i  Downloaded the existing Firestore indexes from the Firebase console 
[info] ✔  Wrote firestore.rules 
[info] ✔  Wrote firestore.indexes.json 
[info] 
=== Hosting Setup
[debug] [2026-02-05T01:31:05.644Z] Checked if tokens are valid: true, expires at: 1770258551938
[debug] [2026-02-05T01:31:05.644Z] Checked if tokens are valid: true, expires at: 1770258551938
[debug] [2026-02-05T01:31:05.644Z] >>> [apiv2][query] GET https://firebase.googleapis.com/v1beta1/projects/voigt-kampff-bbcbe [none]
[debug] [2026-02-05T01:31:05.852Z] <<< [apiv2][status] GET https://firebase.googleapis.com/v1beta1/projects/voigt-kampff-bbcbe 200
[debug] [2026-02-05T01:31:05.852Z] <<< [apiv2][body] GET https://firebase.googleapis.com/v1beta1/projects/voigt-kampff-bbcbe {"projectId":"voigt-kampff-bbcbe","projectNumber":"501773693477","displayName":"voigt-kampff","name":"projects/voigt-kampff-bbcbe","resources":{"hostingSite":"voigt-kampff-bbcbe"},"state":"ACTIVE","etag":"1_24a123b2-e60d-4e5e-981c-fa5f9269ddc2"}
[info] 
[info] Your public directory is the folder (relative to your project directory) that
[info] will contain Hosting assets to be uploaded with firebase deploy. If you
[info] have a build process for your assets, use your build's output directory.
[info] 
[info] 
[info] i  Detected a .git folder at /home/maks/Projects/voigt-kampff 
[info] i  Authorizing with GitHub to upload your service account to a GitHub repository's secrets store. 
[info] 
[info] Visit this URL on this device to log in:
[info] https://github.com/login/oauth/authorize?client_id=89cf50f02ac6aaed3484&state=96334660&redirect_uri=http%3A%2F%2Flocalhost%3A9005&scope=read%3Auser%20repo%20public_repo
[info] 
[info] Waiting for authentication...
[debug] [2026-02-05T01:31:34.583Z] >>> [apiv2][query] POST https://github.com/login/oauth/access_token [none]
[debug] [2026-02-05T01:31:34.583Z] >>> [apiv2][body] POST https://github.com/login/oauth/access_token [stream]
[debug] [2026-02-05T01:31:34.774Z] <<< [apiv2][status] POST https://github.com/login/oauth/access_token 200
[debug] [2026-02-05T01:31:34.774Z] <<< [apiv2][body] POST https://github.com/login/oauth/access_token {"access_token":"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","token_type":"bearer","scope":"read:user,repo"}
[debug] [2026-02-05T01:31:34.781Z] >>> [apiv2][query] GET https://api.github.com/user [none]
[debug] [2026-02-05T01:31:35.065Z] <<< [apiv2][status] GET https://api.github.com/user 200
[debug] [2026-02-05T01:31:35.068Z] <<< [apiv2][body] GET https://api.github.com/user {"login":"maksymcharuk","id":12190088,"node_id":"MDQ6VXNlcjEyMTkwMDg4","avatar_url":"https://avatars.githubusercontent.com/u/12190088?v=4","gravatar_id":"","url":"https://api.github.com/users/maksymcharuk","html_url":"https://github.com/maksymcharuk","followers_url":"https://api.github.com/users/maksymcharuk/followers","following_url":"https://api.github.com/users/maksymcharuk/following{/other_user}","gists_url":"https://api.github.com/users/maksymcharuk/gists{/gist_id}","starred_url":"https://api.github.com/users/maksymcharuk/starred{/owner}{/repo}","subscriptions_url":"https://api.github.com/users/maksymcharuk/subscriptions","organizations_url":"https://api.github.com/users/maksymcharuk/orgs","repos_url":"https://api.github.com/users/maksymcharuk/repos","events_url":"https://api.github.com/users/maksymcharuk/events{/privacy}","received_events_url":"https://api.github.com/users/maksymcharuk/received_events","type":"User","user_view_type":"private","site_admin":false,"name":"Maks Charuk","company":null,"blog":"","location":"New York, NY, USA","email":"maxcharuk@gmail.com","hireable":null,"bio":"Software Engineer. Full-stack - Javascript (Angular, Node, and more) ","twitter_username":null,"notification_email":"maxcharuk@gmail.com","public_repos":15,"public_gists":0,"followers":14,"following":20,"created_at":"2015-04-30T18:47:05Z","updated_at":"2026-02-04T16:31:57Z","private_gists":0,"total_private_repos":0,"owned_private_repos":0,"disk_usage":42371,"collaborators":0,"two_factor_authentication":true,"plan":{"name":"free","space":976562499,"collaborators":0,"private_repos":10000}}
[info] 
[info] ✔  Success! Logged into GitHub as maksymcharuk 
[info] 
